2021-04-01 18:24:13,568 - Log4JLogChute initialized using file 'velocity.log'
2021-04-01 18:24:13,568 - Initializing Velocity, Calling init()...
2021-04-01 18:24:13,569 - Starting Apache Velocity v1.7 (compiled: 2010-11-19 12:14:37)
2021-04-01 18:24:13,569 - Default Properties File: org\apache\velocity\runtime\defaults\velocity.properties
2021-04-01 18:24:13,569 - Trying to use logger class org.apache.velocity.runtime.log.AvalonLogChute
2021-04-01 18:24:13,569 - Target log system for org.apache.velocity.runtime.log.AvalonLogChute is not available (java.lang.NoClassDefFoundError: org/apache/log/format/Formatter).  Falling back to next log system...
2021-04-01 18:24:13,569 - Trying to use logger class org.apache.velocity.runtime.log.Log4JLogChute
2021-04-01 18:24:13,998 - Using logger class org.apache.velocity.runtime.log.Log4JLogChute
2021-04-01 18:24:14,001 - ResourceLoader instantiated: org.apache.velocity.runtime.resource.loader.ClasspathResourceLoader
2021-04-01 18:24:14,018 - ResourceCache: initialized (class org.apache.velocity.runtime.resource.ResourceCacheImpl) with class java.util.Collections$SynchronizedMap cache map.
2021-04-01 18:24:14,020 - Loaded System Directive: org.apache.velocity.runtime.directive.Stop
2021-04-01 18:24:14,021 - Loaded System Directive: org.apache.velocity.runtime.directive.Define
2021-04-01 18:24:14,022 - Loaded System Directive: org.apache.velocity.runtime.directive.Break
2021-04-01 18:24:14,022 - Loaded System Directive: org.apache.velocity.runtime.directive.Evaluate
2021-04-01 18:24:14,037 - Loaded System Directive: org.apache.velocity.runtime.directive.Literal
2021-04-01 18:24:14,038 - Loaded System Directive: org.apache.velocity.runtime.directive.Macro
2021-04-01 18:24:14,039 - Loaded System Directive: org.apache.velocity.runtime.directive.Parse
2021-04-01 18:24:14,040 - Loaded System Directive: org.apache.velocity.runtime.directive.Include
2021-04-01 18:24:14,041 - Loaded System Directive: org.apache.velocity.runtime.directive.Foreach
2021-04-01 18:24:14,066 - Created '20' parsers.
2021-04-01 18:24:14,070 - Velocimacro : "velocimacro.library" is not set.  Trying default library: VM_global_library.vm
2021-04-01 18:24:14,070 - Could not load resource 'VM_global_library.vm' from ResourceLoader org.apache.velocity.runtime.resource.loader.ClasspathResourceLoader: ClasspathResourceLoader Error: cannot find resource VM_global_library.vm
2021-04-01 18:24:14,070 - Velocimacro : Default library not found.
2021-04-01 18:24:14,070 - Velocimacro : allowInline = true : VMs can be defined inline in templates
2021-04-01 18:24:14,070 - Velocimacro : allowInlineToOverride = false : VMs defined inline may NOT replace previous VM definitions
2021-04-01 18:24:14,070 - Velocimacro : allowInlineLocal = false : VMs defined inline will be global in scope if allowed.
2021-04-01 18:24:14,070 - Velocimacro : autoload off : VM system will not automatically reload global library macros
2021-04-01 18:24:14,091 - ResourceManager : found /templates/entity.java.vm with loader org.apache.velocity.runtime.resource.loader.ClasspathResourceLoader
2021-04-01 18:24:14,098 - Left side (${versionFieldName}) of '==' operation has null value. If it is a reference, it may not be in the context or its toString() returned null. /templates/entity.java.vm[line 90, column 26]
2021-04-01 18:24:14,098 - Left side (${logicDeleteFieldName}) of '==' operation has null value. If it is a reference, it may not be in the context or its toString() returned null. /templates/entity.java.vm[line 94, column 30]
2021-04-01 18:24:14,098 - Left side (${versionFieldName}) of '==' operation has null value. If it is a reference, it may not be in the context or its toString() returned null. /templates/entity.java.vm[line 90, column 26]
2021-04-01 18:24:14,098 - Left side (${logicDeleteFieldName}) of '==' operation has null value. If it is a reference, it may not be in the context or its toString() returned null. /templates/entity.java.vm[line 94, column 30]
2021-04-01 18:24:14,099 - Left side (${versionFieldName}) of '==' operation has null value. If it is a reference, it may not be in the context or its toString() returned null. /templates/entity.java.vm[line 90, column 26]
2021-04-01 18:24:14,099 - Left side (${logicDeleteFieldName}) of '==' operation has null value. If it is a reference, it may not be in the context or its toString() returned null. /templates/entity.java.vm[line 94, column 30]
2021-04-01 18:24:14,099 - Left side (${versionFieldName}) of '==' operation has null value. If it is a reference, it may not be in the context or its toString() returned null. /templates/entity.java.vm[line 90, column 26]
2021-04-01 18:24:14,099 - Left side (${logicDeleteFieldName}) of '==' operation has null value. If it is a reference, it may not be in the context or its toString() returned null. /templates/entity.java.vm[line 94, column 30]
2021-04-01 18:24:14,099 - Left side (${versionFieldName}) of '==' operation has null value. If it is a reference, it may not be in the context or its toString() returned null. /templates/entity.java.vm[line 90, column 26]
2021-04-01 18:24:14,099 - Left side (${logicDeleteFieldName}) of '==' operation has null value. If it is a reference, it may not be in the context or its toString() returned null. /templates/entity.java.vm[line 94, column 30]
2021-04-01 18:24:14,099 - Left side (${versionFieldName}) of '==' operation has null value. If it is a reference, it may not be in the context or its toString() returned null. /templates/entity.java.vm[line 90, column 26]
2021-04-01 18:24:14,099 - Left side (${logicDeleteFieldName}) of '==' operation has null value. If it is a reference, it may not be in the context or its toString() returned null. /templates/entity.java.vm[line 94, column 30]
2021-04-01 18:24:14,099 - Left side (${versionFieldName}) of '==' operation has null value. If it is a reference, it may not be in the context or its toString() returned null. /templates/entity.java.vm[line 90, column 26]
2021-04-01 18:24:14,099 - Left side (${logicDeleteFieldName}) of '==' operation has null value. If it is a reference, it may not be in the context or its toString() returned null. /templates/entity.java.vm[line 94, column 30]
2021-04-01 18:24:14,099 - Left side (${versionFieldName}) of '==' operation has null value. If it is a reference, it may not be in the context or its toString() returned null. /templates/entity.java.vm[line 90, column 26]
2021-04-01 18:24:14,100 - Left side (${logicDeleteFieldName}) of '==' operation has null value. If it is a reference, it may not be in the context or its toString() returned null. /templates/entity.java.vm[line 94, column 30]
2021-04-01 18:24:14,100 - Left side (${versionFieldName}) of '==' operation has null value. If it is a reference, it may not be in the context or its toString() returned null. /templates/entity.java.vm[line 90, column 26]
2021-04-01 18:24:14,100 - Left side (${logicDeleteFieldName}) of '==' operation has null value. If it is a reference, it may not be in the context or its toString() returned null. /templates/entity.java.vm[line 94, column 30]
2021-04-01 18:24:14,100 - Left side (${versionFieldName}) of '==' operation has null value. If it is a reference, it may not be in the context or its toString() returned null. /templates/entity.java.vm[line 90, column 26]
2021-04-01 18:24:14,100 - Left side (${logicDeleteFieldName}) of '==' operation has null value. If it is a reference, it may not be in the context or its toString() returned null. /templates/entity.java.vm[line 94, column 30]
2021-04-01 18:24:14,100 - Left side (${versionFieldName}) of '==' operation has null value. If it is a reference, it may not be in the context or its toString() returned null. /templates/entity.java.vm[line 90, column 26]
2021-04-01 18:24:14,100 - Left side (${logicDeleteFieldName}) of '==' operation has null value. If it is a reference, it may not be in the context or its toString() returned null. /templates/entity.java.vm[line 94, column 30]
2021-04-01 18:24:14,101 - ResourceManager : found /templates/mapper.java.vm with loader org.apache.velocity.runtime.resource.loader.ClasspathResourceLoader
2021-04-01 18:24:14,104 - ResourceManager : found /templates/mapper.xml.vm with loader org.apache.velocity.runtime.resource.loader.ClasspathResourceLoader
2021-04-01 18:24:14,106 - ResourceManager : found /templates/service.java.vm with loader org.apache.velocity.runtime.resource.loader.ClasspathResourceLoader
2021-04-01 18:24:14,108 - ResourceManager : found /templates/serviceImpl.java.vm with loader org.apache.velocity.runtime.resource.loader.ClasspathResourceLoader
2021-04-01 18:24:14,110 - ResourceManager : found /templates/controller.java.vm with loader org.apache.velocity.runtime.resource.loader.ClasspathResourceLoader
2021-04-01 20:20:07,062 - Log4JLogChute initialized using file 'velocity.log'
2021-04-01 20:20:07,063 - Initializing Velocity, Calling init()...
2021-04-01 20:20:07,063 - Starting Apache Velocity v1.7 (compiled: 2010-11-19 12:14:37)
2021-04-01 20:20:07,063 - Default Properties File: org\apache\velocity\runtime\defaults\velocity.properties
2021-04-01 20:20:07,063 - Trying to use logger class org.apache.velocity.runtime.log.AvalonLogChute
2021-04-01 20:20:07,063 - Target log system for org.apache.velocity.runtime.log.AvalonLogChute is not available (java.lang.NoClassDefFoundError: org/apache/log/format/Formatter).  Falling back to next log system...
2021-04-01 20:20:07,063 - Trying to use logger class org.apache.velocity.runtime.log.Log4JLogChute
2021-04-01 20:20:07,063 - Using logger class org.apache.velocity.runtime.log.Log4JLogChute
2021-04-01 20:20:07,065 - ResourceLoader instantiated: org.apache.velocity.runtime.resource.loader.ClasspathResourceLoader
2021-04-01 20:20:07,073 - ResourceCache: initialized (class org.apache.velocity.runtime.resource.ResourceCacheImpl) with class java.util.Collections$SynchronizedMap cache map.
2021-04-01 20:20:07,075 - Loaded System Directive: org.apache.velocity.runtime.directive.Stop
2021-04-01 20:20:07,075 - Loaded System Directive: org.apache.velocity.runtime.directive.Define
2021-04-01 20:20:07,076 - Loaded System Directive: org.apache.velocity.runtime.directive.Break
2021-04-01 20:20:07,076 - Loaded System Directive: org.apache.velocity.runtime.directive.Evaluate
2021-04-01 20:20:07,085 - Loaded System Directive: org.apache.velocity.runtime.directive.Literal
2021-04-01 20:20:07,086 - Loaded System Directive: org.apache.velocity.runtime.directive.Macro
2021-04-01 20:20:07,087 - Loaded System Directive: org.apache.velocity.runtime.directive.Parse
2021-04-01 20:20:07,088 - Loaded System Directive: org.apache.velocity.runtime.directive.Include
2021-04-01 20:20:07,089 - Loaded System Directive: org.apache.velocity.runtime.directive.Foreach
2021-04-01 20:20:07,109 - Created '20' parsers.
2021-04-01 20:20:07,113 - Velocimacro : "velocimacro.library" is not set.  Trying default library: VM_global_library.vm
2021-04-01 20:20:07,113 - Could not load resource 'VM_global_library.vm' from ResourceLoader org.apache.velocity.runtime.resource.loader.ClasspathResourceLoader: ClasspathResourceLoader Error: cannot find resource VM_global_library.vm
2021-04-01 20:20:07,113 - Velocimacro : Default library not found.
2021-04-01 20:20:07,113 - Velocimacro : allowInline = true : VMs can be defined inline in templates
2021-04-01 20:20:07,113 - Velocimacro : allowInlineToOverride = false : VMs defined inline may NOT replace previous VM definitions
2021-04-01 20:20:07,113 - Velocimacro : allowInlineLocal = false : VMs defined inline will be global in scope if allowed.
2021-04-01 20:20:07,113 - Velocimacro : autoload off : VM system will not automatically reload global library macros
2021-04-01 20:20:07,136 - ResourceManager : found /templates/entity.java.vm with loader org.apache.velocity.runtime.resource.loader.ClasspathResourceLoader
2021-04-01 20:20:07,145 - Left side (${versionFieldName}) of '==' operation has null value. If it is a reference, it may not be in the context or its toString() returned null. /templates/entity.java.vm[line 90, column 26]
2021-04-01 20:20:07,145 - Left side (${logicDeleteFieldName}) of '==' operation has null value. If it is a reference, it may not be in the context or its toString() returned null. /templates/entity.java.vm[line 94, column 30]
2021-04-01 20:20:07,145 - Left side (${versionFieldName}) of '==' operation has null value. If it is a reference, it may not be in the context or its toString() returned null. /templates/entity.java.vm[line 90, column 26]
2021-04-01 20:20:07,145 - Left side (${logicDeleteFieldName}) of '==' operation has null value. If it is a reference, it may not be in the context or its toString() returned null. /templates/entity.java.vm[line 94, column 30]
2021-04-01 20:20:07,145 - Left side (${versionFieldName}) of '==' operation has null value. If it is a reference, it may not be in the context or its toString() returned null. /templates/entity.java.vm[line 90, column 26]
2021-04-01 20:20:07,145 - Left side (${logicDeleteFieldName}) of '==' operation has null value. If it is a reference, it may not be in the context or its toString() returned null. /templates/entity.java.vm[line 94, column 30]
2021-04-01 20:20:07,145 - Left side (${versionFieldName}) of '==' operation has null value. If it is a reference, it may not be in the context or its toString() returned null. /templates/entity.java.vm[line 90, column 26]
2021-04-01 20:20:07,145 - Left side (${logicDeleteFieldName}) of '==' operation has null value. If it is a reference, it may not be in the context or its toString() returned null. /templates/entity.java.vm[line 94, column 30]
2021-04-01 20:20:07,145 - Left side (${versionFieldName}) of '==' operation has null value. If it is a reference, it may not be in the context or its toString() returned null. /templates/entity.java.vm[line 90, column 26]
2021-04-01 20:20:07,145 - Left side (${logicDeleteFieldName}) of '==' operation has null value. If it is a reference, it may not be in the context or its toString() returned null. /templates/entity.java.vm[line 94, column 30]
2021-04-01 20:20:07,145 - Left side (${versionFieldName}) of '==' operation has null value. If it is a reference, it may not be in the context or its toString() returned null. /templates/entity.java.vm[line 90, column 26]
2021-04-01 20:20:07,145 - Left side (${logicDeleteFieldName}) of '==' operation has null value. If it is a reference, it may not be in the context or its toString() returned null. /templates/entity.java.vm[line 94, column 30]
2021-04-01 20:20:07,145 - Left side (${versionFieldName}) of '==' operation has null value. If it is a reference, it may not be in the context or its toString() returned null. /templates/entity.java.vm[line 90, column 26]
2021-04-01 20:20:07,145 - Left side (${logicDeleteFieldName}) of '==' operation has null value. If it is a reference, it may not be in the context or its toString() returned null. /templates/entity.java.vm[line 94, column 30]
2021-04-01 20:20:07,146 - Left side (${versionFieldName}) of '==' operation has null value. If it is a reference, it may not be in the context or its toString() returned null. /templates/entity.java.vm[line 90, column 26]
2021-04-01 20:20:07,146 - Left side (${logicDeleteFieldName}) of '==' operation has null value. If it is a reference, it may not be in the context or its toString() returned null. /templates/entity.java.vm[line 94, column 30]
2021-04-01 20:20:07,146 - Left side (${versionFieldName}) of '==' operation has null value. If it is a reference, it may not be in the context or its toString() returned null. /templates/entity.java.vm[line 90, column 26]
2021-04-01 20:20:07,146 - Left side (${logicDeleteFieldName}) of '==' operation has null value. If it is a reference, it may not be in the context or its toString() returned null. /templates/entity.java.vm[line 94, column 30]
2021-04-01 20:20:07,146 - Left side (${versionFieldName}) of '==' operation has null value. If it is a reference, it may not be in the context or its toString() returned null. /templates/entity.java.vm[line 90, column 26]
2021-04-01 20:20:07,146 - Left side (${logicDeleteFieldName}) of '==' operation has null value. If it is a reference, it may not be in the context or its toString() returned null. /templates/entity.java.vm[line 94, column 30]
2021-04-01 20:20:07,146 - Left side (${versionFieldName}) of '==' operation has null value. If it is a reference, it may not be in the context or its toString() returned null. /templates/entity.java.vm[line 90, column 26]
2021-04-01 20:20:07,146 - Left side (${logicDeleteFieldName}) of '==' operation has null value. If it is a reference, it may not be in the context or its toString() returned null. /templates/entity.java.vm[line 94, column 30]
2021-04-01 20:20:07,148 - ResourceManager : found /templates/mapper.java.vm with loader org.apache.velocity.runtime.resource.loader.ClasspathResourceLoader
2021-04-01 20:20:07,152 - ResourceManager : found /templates/mapper.xml.vm with loader org.apache.velocity.runtime.resource.loader.ClasspathResourceLoader
2021-04-01 20:20:07,154 - ResourceManager : found /templates/service.java.vm with loader org.apache.velocity.runtime.resource.loader.ClasspathResourceLoader
2021-04-01 20:20:07,157 - ResourceManager : found /templates/serviceImpl.java.vm with loader org.apache.velocity.runtime.resource.loader.ClasspathResourceLoader
2021-04-01 20:20:07,159 - ResourceManager : found /templates/controller.java.vm with loader org.apache.velocity.runtime.resource.loader.ClasspathResourceLoader
